Mon Mar 07 09:15:16 CET 2016 : Apache Derby Network Server - 10.10.1.3 - (1557168) démarré et prêt à accepter les connexions sur le port 1527
----------------------------------------------------------------
Mon Mar 07 09:15:17 CET 2016:
Amorçage de Derby version The Apache Software Foundation - Apache Derby - 10.10.1.3 - (1557168) : instance a816c00e-0153-5025-04ce-00007ef62d6a 
dans le répertoire de base de données C:\Users\3092790\Documents\NetBeansProjects\STF\BDSTF avec le chargeur de classe sun.misc.Launcher$AppClassLoader@1d44bcfa
Chargé de file:/C:/Program%20Files/Java/jdk1.8.0_05/db/lib/derby.jar
java.vendor=Oracle Corporation
java.runtime.version=1.8.0_05-b13
user.dir=C:\Program Files\Java\jdk1.8.0_05\db
os.name=Windows 7
os.arch=amd64
os.version=6.1
derby.system.home=C:\Users\3092790\Documents\NetBeansProjects\STF
Chargeur de classe de la base de données démarré - derby.database.classpath = ''
----------------------------------------------------------------
Mon Mar 07 09:15:18 CET 2016:
Fermeture de l'instance a816c00e-0153-5025-04ce-00007ef62d6a sur le répertoire de base de données C:\Users\3092790\Documents\NetBeansProjects\STF\BDSTF avec le chargeur de classe sun.misc.Launcher$AppClassLoader@1d44bcfa 
Mon Mar 07 09:15:18 CET 2016 Thread[DRDAConnThread_2,5,main] (DATABASE = BDSTF), (DRDAID = {2}), Arrêt de la base de données 'BDSTF'.
----------------------------------------------------------------
Mon Mar 07 09:16:05 CET 2016:
Amorçage de Derby version The Apache Software Foundation - Apache Derby - 10.10.1.3 - (1557168) : instance 560740aa-0153-5025-04ce-00007ef62d6a 
dans le répertoire de base de données C:\Users\3092790\Documents\NetBeansProjects\STF\BDSTF avec le chargeur de classe sun.misc.Launcher$AppClassLoader@1d44bcfa
Chargé de file:/C:/Program%20Files/Java/jdk1.8.0_05/db/lib/derby.jar
java.vendor=Oracle Corporation
java.runtime.version=1.8.0_05-b13
user.dir=C:\Program Files\Java\jdk1.8.0_05\db
os.name=Windows 7
os.arch=amd64
os.version=6.1
derby.system.home=C:\Users\3092790\Documents\NetBeansProjects\STF
Chargeur de classe de la base de données démarré - derby.database.classpath = ''
----------------------------------------------------------------
Mon Mar 07 17:57:07 CET 2016 : fermeture du moteur Derby
----------------------------------------------------------------
Mon Mar 07 17:57:07 CET 2016:
Fermeture de l'instance 560740aa-0153-5025-04ce-00007ef62d6a sur le répertoire de base de données C:\Users\3092790\Documents\NetBeansProjects\STF\BDSTF avec le chargeur de classe sun.misc.Launcher$AppClassLoader@1d44bcfa 
